2020-05-14 11:23:42 INFO  XmlBeanDefinitionReader:303 - Loading XML bean definitions from URL [jar:file:/Users/rsuiharapananda/project/berkas-khanza/lib/jasperreports-chart-themes-6.8.0.jar!/net/sf/jasperreports/chartthemes/spring/beans/chartThemesBeans.xml]
2020-05-14 11:23:43 INFO  XmlBeanDefinitionReader:303 - Loading XML bean definitions from URL [jar:file:/Users/rsuiharapananda/project/berkas-khanza/lib/jasperreports-chart-themes-6.8.0.jar!/net/sf/jasperreports/chartthemes/spring/beans/chartConstantsBean.xml]
2020-05-14 11:23:43 INFO  XmlBeanDefinitionReader:303 - Loading XML bean definitions from URL [jar:file:/Users/rsuiharapananda/project/berkas-khanza/lib/jasperreports-chart-themes-6.8.0.jar!/net/sf/jasperreports/chartthemes/spring/beans/defaultChartPropertiesBean.xml]
2020-05-14 11:23:43 INFO  XmlBeanDefinitionReader:303 - Loading XML bean definitions from URL [jar:file:/Users/rsuiharapananda/project/berkas-khanza/lib/jasperreports-chart-themes-6.8.0.jar!/net/sf/jasperreports/chartthemes/spring/beans/eyeCandySixtiesChartPropertiesBean.xml]
2020-05-14 11:23:43 INFO  XmlBeanDefinitionReader:303 - Loading XML bean definitions from URL [jar:file:/Users/rsuiharapananda/project/berkas-khanza/lib/jasperreports-chart-themes-6.8.0.jar!/net/sf/jasperreports/chartthemes/spring/beans/aegeanChartPropertiesBean.xml]
2020-05-14 11:23:43 WARN  DefaultExtensionsRegistry:198 - Extension resource jar:file:/Users/rsuiharapananda/project/berkas-khanza/lib/jasperreports-javaflow-6.8.0.jar!/jasperreports_extension.properties was found to be a duplicate of jar:file:/Users/rsuiharapananda/project/berkas-khanza/lib/jasperreports-6.8.0.jar!/jasperreports_extension.properties in classloader jdk.internal.loader.ClassLoaders$AppClassLoader@55054057
2020-05-14 11:48:40 INFO  XmlBeanDefinitionReader:303 - Loading XML bean definitions from URL [jar:file:/Users/rsuiharapananda/project/berkas-khanza/lib/jasperreports-chart-themes-6.8.0.jar!/net/sf/jasperreports/chartthemes/spring/beans/chartThemesBeans.xml]
2020-05-14 11:48:40 INFO  XmlBeanDefinitionReader:303 - Loading XML bean definitions from URL [jar:file:/Users/rsuiharapananda/project/berkas-khanza/lib/jasperreports-chart-themes-6.8.0.jar!/net/sf/jasperreports/chartthemes/spring/beans/chartConstantsBean.xml]
2020-05-14 11:48:40 INFO  XmlBeanDefinitionReader:303 - Loading XML bean definitions from URL [jar:file:/Users/rsuiharapananda/project/berkas-khanza/lib/jasperreports-chart-themes-6.8.0.jar!/net/sf/jasperreports/chartthemes/spring/beans/defaultChartPropertiesBean.xml]
2020-05-14 11:48:40 INFO  XmlBeanDefinitionReader:303 - Loading XML bean definitions from URL [jar:file:/Users/rsuiharapananda/project/berkas-khanza/lib/jasperreports-chart-themes-6.8.0.jar!/net/sf/jasperreports/chartthemes/spring/beans/eyeCandySixtiesChartPropertiesBean.xml]
2020-05-14 11:48:40 INFO  XmlBeanDefinitionReader:303 - Loading XML bean definitions from URL [jar:file:/Users/rsuiharapananda/project/berkas-khanza/lib/jasperreports-chart-themes-6.8.0.jar!/net/sf/jasperreports/chartthemes/spring/beans/aegeanChartPropertiesBean.xml]
2020-05-14 11:48:40 WARN  DefaultExtensionsRegistry:198 - Extension resource jar:file:/Users/rsuiharapananda/project/berkas-khanza/lib/jasperreports-javaflow-6.8.0.jar!/jasperreports_extension.properties was found to be a duplicate of jar:file:/Users/rsuiharapananda/project/berkas-khanza/lib/jasperreports-6.8.0.jar!/jasperreports_extension.properties in classloader jdk.internal.loader.ClassLoaders$AppClassLoader@55054057
2020-05-14 13:11:47 INFO  XmlBeanDefinitionReader:303 - Loading XML bean definitions from URL [jar:file:/Users/rsuiharapananda/project/berkas-khanza/lib/jasperreports-chart-themes-6.8.0.jar!/net/sf/jasperreports/chartthemes/spring/beans/chartThemesBeans.xml]
2020-05-14 13:11:47 INFO  XmlBeanDefinitionReader:303 - Loading XML bean definitions from URL [jar:file:/Users/rsuiharapananda/project/berkas-khanza/lib/jasperreports-chart-themes-6.8.0.jar!/net/sf/jasperreports/chartthemes/spring/beans/chartConstantsBean.xml]
2020-05-14 13:11:47 INFO  XmlBeanDefinitionReader:303 - Loading XML bean definitions from URL [jar:file:/Users/rsuiharapananda/project/berkas-khanza/lib/jasperreports-chart-themes-6.8.0.jar!/net/sf/jasperreports/chartthemes/spring/beans/defaultChartPropertiesBean.xml]
2020-05-14 13:11:47 INFO  XmlBeanDefinitionReader:303 - Loading XML bean definitions from URL [jar:file:/Users/rsuiharapananda/project/berkas-khanza/lib/jasperreports-chart-themes-6.8.0.jar!/net/sf/jasperreports/chartthemes/spring/beans/eyeCandySixtiesChartPropertiesBean.xml]
2020-05-14 13:11:47 INFO  XmlBeanDefinitionReader:303 - Loading XML bean definitions from URL [jar:file:/Users/rsuiharapananda/project/berkas-khanza/lib/jasperreports-chart-themes-6.8.0.jar!/net/sf/jasperreports/chartthemes/spring/beans/aegeanChartPropertiesBean.xml]
2020-05-14 13:11:47 WARN  DefaultExtensionsRegistry:198 - Extension resource jar:file:/Users/rsuiharapananda/project/berkas-khanza/lib/jasperreports-javaflow-6.8.0.jar!/jasperreports_extension.properties was found to be a duplicate of jar:file:/Users/rsuiharapananda/project/berkas-khanza/lib/jasperreports-6.8.0.jar!/jasperreports_extension.properties in classloader jdk.internal.loader.ClassLoaders$AppClassLoader@55054057
2020-05-14 14:27:35 INFO  XmlBeanDefinitionReader:303 - Loading XML bean definitions from URL [jar:file:/Users/rsuiharapananda/project/berkas-khanza/lib/jasperreports-chart-themes-6.8.0.jar!/net/sf/jasperreports/chartthemes/spring/beans/chartThemesBeans.xml]
2020-05-14 14:27:35 INFO  XmlBeanDefinitionReader:303 - Loading XML bean definitions from URL [jar:file:/Users/rsuiharapananda/project/berkas-khanza/lib/jasperreports-chart-themes-6.8.0.jar!/net/sf/jasperreports/chartthemes/spring/beans/chartConstantsBean.xml]
2020-05-14 14:27:35 INFO  XmlBeanDefinitionReader:303 - Loading XML bean definitions from URL [jar:file:/Users/rsuiharapananda/project/berkas-khanza/lib/jasperreports-chart-themes-6.8.0.jar!/net/sf/jasperreports/chartthemes/spring/beans/defaultChartPropertiesBean.xml]
2020-05-14 14:27:35 INFO  XmlBeanDefinitionReader:303 - Loading XML bean definitions from URL [jar:file:/Users/rsuiharapananda/project/berkas-khanza/lib/jasperreports-chart-themes-6.8.0.jar!/net/sf/jasperreports/chartthemes/spring/beans/eyeCandySixtiesChartPropertiesBean.xml]
2020-05-14 14:27:35 INFO  XmlBeanDefinitionReader:303 - Loading XML bean definitions from URL [jar:file:/Users/rsuiharapananda/project/berkas-khanza/lib/jasperreports-chart-themes-6.8.0.jar!/net/sf/jasperreports/chartthemes/spring/beans/aegeanChartPropertiesBean.xml]
2020-05-14 14:27:35 WARN  DefaultExtensionsRegistry:198 - Extension resource jar:file:/Users/rsuiharapananda/project/berkas-khanza/lib/jasperreports-javaflow-6.8.0.jar!/jasperreports_extension.properties was found to be a duplicate of jar:file:/Users/rsuiharapananda/project/berkas-khanza/lib/jasperreports-6.8.0.jar!/jasperreports_extension.properties in classloader jdk.internal.loader.ClassLoaders$AppClassLoader@55054057
